Fatal error: cannot open file '/data/gpfs/projects/punim1751/ParAcT/modelling/evansetal-18/08_plotting.R': No such file or directory
here() starts at /data/gpfs/projects/punim1751/ParAcT
Error in readChar(con, 5L, useBytes = TRUE) : cannot open the connection
Calls: load -> readChar
In addition: Warning message:
In readChar(con, 5L, useBytes = TRUE) :
  cannot open compressed file '/data/gpfs/projects/punim1751/ParAcT/data/evansetal-18/derived/P1_v-dExp-a-exp-IC.Rdata', probable reason 'No such file or directory'
Execution halted
Job ID           : 40466932
Cluster          : spartan
User/Project     : alisterm/punim1751
Nodes            : 1
Wall-clock time  : 00:00:31 / 7-01:00:00

Displaying overall resources usage from 2022-10-04 16:28:20 to 2022-10-04 16:28:51:

NODE            CPU#        TOT%   ( USR   / SYS   / WIO   / IDLE  ) 

spartan-bm124 : 
                CPU# 1    : 57.4   (  47.7 /   9.7 /   0.0 /  42.6 ) 


Allocated CPUs            : 1    
  CPUs with usage <25%    : 0    
  CPUs with usage <50%    : 0    
  CPUs with usage >50%    : 1    

Memory used (RAM)         : 0.0%  [4MB of 12288MB]

--------------------------------------------

