here() starts at /data/gpfs/projects/punim1751/ParAcT
Saving 7 x 7 in image
Saving 7 x 7 in image
Saving 7 x 7 in image
Saving 7 x 7 in image
Saving 7 x 7 in image
Saving 7 x 7 in image
Saving 7 x 7 in image
here() starts at /data/gpfs/projects/punim1751/ParAcT
Job ID           : 37437903
Cluster          : spartan
User/Project     : alisterm/punim1751
Nodes            : 1
Wall-clock time  : 00:00:31 / 7-01:00:00

Displaying overall resources usage from 2022-07-13 15:07:06 to 2022-07-13 15:07:37:

NODE            CPU#        TOT%   ( USR   / SYS   / WIO   / IDLE  ) 

spartan-bm088 : 
                CPU# 1    : 58.7   (  54.3 /   4.3 /   0.0 /  41.3 ) 


Allocated CPUs            : 1    
  CPUs with usage <25%    : 0    
  CPUs with usage <50%    : 0    
  CPUs with usage >50%    : 1    

Memory used (RAM)         : 0.2%  [6MB of 4000MB]

--------------------------------------------

