here() starts at /data/gpfs/projects/punim1751/ParAcT
Saving 7 x 7 in image
Saving 7 x 7 in image
Saving 7 x 7 in image
Saving 7 x 7 in image
here() starts at /data/gpfs/projects/punim1751/ParAcT
Job ID           : 37308520
Cluster          : spartan
User/Project     : alisterm/punim1751
Nodes            : 1
Wall-clock time  : 00:00:31 / 7-01:00:00

Displaying overall resources usage from 2022-07-10 10:43:41 to 2022-07-10 10:44:12:

NODE            CPU#        TOT%   ( USR   / SYS   / WIO   / IDLE  ) 

spartan-bm086 : 
                CPU# 1    : 54.1   (  49.1 /   5.0 /   0.0 /  45.9 ) 


Allocated CPUs            : 1    
  CPUs with usage <25%    : 0    
  CPUs with usage <50%    : 0    
  CPUs with usage >50%    : 1    

Memory used (RAM)         : 0.2%  [8MB of 4000MB]

--------------------------------------------

