here() starts at /data/gpfs/projects/punim1751/ParAcT
Saving 7 x 7 in image
Saving 7 x 7 in image
Saving 7 x 7 in image
Saving 7 x 7 in image
Saving 7 x 7 in image
Saving 7 x 7 in image
Saving 7 x 7 in image
Saving 7 x 7 in image
here() starts at /data/gpfs/projects/punim1751/ParAcT
Job ID           : 37483181
Cluster          : spartan
User/Project     : alisterm/punim1751
Nodes            : 1
Wall-clock time  : 00:00:33 / 7-01:00:00

Displaying overall resources usage from 2022-07-14 09:17:22 to 2022-07-14 09:17:55:

NODE            CPU#        TOT%   ( USR   / SYS   / WIO   / IDLE  ) 

spartan-bm086 : 
                CPU# 1    : 50.6   (  44.7 /   5.9 /   0.0 /  49.5 ) 


Allocated CPUs            : 1    
  CPUs with usage <25%    : 0    
  CPUs with usage <50%    : 0    
  CPUs with usage >50%    : 1    

Memory used (RAM)         : 0.1%  [8MB of 12288MB]

--------------------------------------------

