here() starts at /data/gpfs/projects/punim1751/ParAcT
Saving 7 x 7 in image
Saving 7 x 7 in image
Saving 7 x 7 in image
Saving 7 x 7 in image
Saving 7 x 7 in image
Saving 7 x 7 in image
Saving 7 x 7 in image
here() starts at /data/gpfs/projects/punim1751/ParAcT
Job ID           : 37437688
Cluster          : spartan
User/Project     : alisterm/punim1751
Nodes            : 1
Wall-clock time  : 00:00:32 / 7-01:00:00

Displaying overall resources usage from 2022-07-13 14:59:04 to 2022-07-13 14:59:36:

NODE            CPU#        TOT%   ( USR   / SYS   / WIO   / IDLE  ) 

spartan-bm086 : 
                CPU# 1    : 35.0   (  31.3 /   3.7 /   0.0 /  65.0 ) 


Allocated CPUs            : 1    
  CPUs with usage <25%    : 0    
  CPUs with usage <50%    : 1    
  CPUs with usage >50%    : 0    

Memory used (RAM)         : 0.1%  [4MB of 4000MB]

--------------------------------------------

