here() starts at /data/gpfs/projects/punim1751/ParAcT
  2 %  3 %  4 %  6 %  8 %  9 %  10 %  12 %  14 %  15 %  16 %  18 %  20 %  21 %  22 %  24 %  26 %  27 %  28 %  30 %  32 %  33 %  34 %  36 %  38 %  39 %  40 %  42 %  44 %  45 %  46 %  48 %  50 %  51 %  52 %  54 %  56 %  57 %  58 %  60 %  62 %  63 %  64 %  66 %  68 %  69 %  70 %  72 %  74 %  75 %  76 %  78 %  80 %  81 %  82 %  84 %  86 %  87 %  88 %  90 %  92 %  93 %  94 %  96 %  98 %  99 %  2 %  3 %  4 %  6 %  8 %  9 %  10 %  12 %  14 %  15 %  16 %  18 %  20 %  21 %  22 %  24 %  26 %  27 %  28 %  30 %  32 %  33 %  34 %  36 %  38 %  39 %  40 %  42 %  44 %  45 %  46 %  48 %  50 %  51 %  52 %  54 %  56 %  57 %  58 %  60 %  62 %  63 %  64 %  66 %  68 %  69 %  70 %  72 %  74 %  75 %  76 %  78 %  80 %  81 %  82 %  84 %  86 %  87 %  88 %  90 %  92 %  93 %  94 %  96 %  98 %  99 %  2 %  3 %  4 %  6 %  8 %  9 %  10 %  12 %  14 %  15 %  16 %  18 %  20 %  21 %  22 %  24 %  26 %  27 %  28 %  30 %  32 %  33 %  34 %  36 %  38 %  39 %  40 %  42 %  44 %  45 %  46 %  48 %  50 %  51 %  52 %  54 %  56 %  57 %  58 %  60 %  62 %  63 %  64 %  66 %  68 %  69 %  70 %  72 %  74 %  75 %  76 %  78 %  80 %  81 %  82 %  84 %  86 %  87 %  88 %  90 %  92 %  93 %  94 %  96 %  98 %  99 %  2 %  3 %  4 %  6 %  8 %  9 %  10 %  12 %  14 %  15 %  16 %  18 %  20 %  21 %  22 %  24 %  26 %  27 %  28 %  30 %  32 %  33 %  34 %  36 %  38 %  39 %  40 %  42 %  44 %  45 %  46 %  48 %  50 %  51 %  52 %  54 %  56 %  57 %  58 %  60 %  62 %  63 %  64 %  66 %  68 %  69 %  70 %  72 %  74 %  75 %  76 %  78 %  80 %  81 %  82 %  84 %  86 %  87 %  88 %  90 %  92 %  93 %  94 %  96 %  98 %  99 %  2 %  3 %  4 %  6 %  8 %  9 %  10 %  12 %  14 %  15 %  16 %  18 %  20 %  21 %  22 %  24 %  26 %  27 %  28 %  30 %  32 %  33 %  34 %  36 %  38 %  39 %  40 %  42 %  44 %  45 %  46 %  48 %  50 %  51 %  52 %  54 %  56 %  57 %  58 %  60 %  62 %  63 %  64 %  66 %  68 %  69 %  70 %  72 %  74 %  75 %  76 %/var/spool/slurm/job37443644/slurm_script: line 44: 261337 Killed                  Rscript /data/gpfs/projects/punim1751/ParAcT/modelling/evansetal-18/05_run-models/5.1.7_a-exp-mir.R
Job ID           : 37443644
Cluster          : spartan
User/Project     : alisterm/punim1751
Nodes            : 1
Wall-clock time  : 01:01:40 / 7-01:00:00

Displaying overall resources usage from 2022-07-13 18:19:05 to 2022-07-13 19:20:45:

NODE            CPU#        TOT%   ( USR   / SYS   / WIO   / IDLE  ) 

spartan-bm089 : 
                CPU# 1    : 99.9   (  99.7 /   0.2 /   0.0 /   0.1 ) 


Allocated CPUs            : 1    
  CPUs with usage <25%    : 0    
  CPUs with usage <50%    : 0    
  CPUs with usage >50%    : 1    

Memory used (RAM)         : 99.9%  [3995MB of 4000MB]

--------------------------------------------

slurmstepd: error: Detected 1 oom-kill event(s) in StepId=37443644.batch cgroup. Some of your processes may have been killed by the cgroup out-of-memory handler.
Jul 13 19:20:44 spartan-bm089 kernel: Task in /slurm/uid_15170/job_37443644/step_batch killed as a result of limit of /slurm/uid_15170/job_37443644/step_batch
Jul 13 19:20:44 spartan-bm089 kernel: Memory cgroup stats for /slurm/uid_15170/job_37443644/step_batch: cache:0KB rss:4096000KB rss_huge:8192KB mapped_file:0KB swap:0KB inactive_anon:23676KB active_anon:4072324KB inactive_file:0KB active_file:0KB unevictable:0KB
