here() starts at /data/gpfs/projects/punim1751/ParAcT
Saving 7 x 7 in image
Saving 7 x 7 in image
Saving 7 x 7 in image
Saving 7 x 7 in image
Error in driftPlot("a-exp-mir", n) : could not find function "driftPlot"
Execution halted
here() starts at /data/gpfs/projects/punim1751/ParAcT
Job ID           : 37483135
Cluster          : spartan
User/Project     : alisterm/punim1751
Nodes            : 1
Wall-clock time  : 00:00:31 / 7-01:00:00

Displaying overall resources usage from 2022-07-14 09:13:16 to 2022-07-14 09:13:48:

NODE            CPU#        TOT%   ( USR   / SYS   / WIO   / IDLE  ) 

spartan-bm086 : 
                CPU# 1    : 57.6   (  50.2 /   7.4 /   0.3 /  42.1 ) 


Allocated CPUs            : 1    
  CPUs with usage <25%    : 0    
  CPUs with usage <50%    : 0    
  CPUs with usage >50%    : 1    

Memory used (RAM)         : 0.0%  [4MB of 12288MB]

--------------------------------------------

