Error in rm(lists = ls()) : ... must contain names or character strings
Execution halted
here() starts at /data/gpfs/projects/punim1751/ParAcT
Error in save(allAIC, here("data/evansetal/derived/allAIC.Rdata")) : 
  object ‘here("data/evansetal/derived/allAIC.Rdata")’ not found
Execution halted
Job ID           : 37307500
Cluster          : spartan
User/Project     : alisterm/punim1751
Nodes            : 1
Wall-clock time  : 00:00:31 / 7-01:00:00

Displaying overall resources usage from 2022-07-10 09:51:56 to 2022-07-10 09:52:27:

NODE            CPU#        TOT%   ( USR   / SYS   / WIO   / IDLE  ) 

spartan-bm086 : 
                CPU# 1    : 37.1   (  33.5 /   3.6 /   0.0 /  62.9 ) 


Allocated CPUs            : 1    
  CPUs with usage <25%    : 0    
  CPUs with usage <50%    : 1    
  CPUs with usage >50%    : 0    

Memory used (RAM)         : 0.1%  [4MB of 4000MB]

--------------------------------------------

