Error: package or namespace load failed for ‘here’ in loadNamespace(i, c(lib.loc, .libPaths()), versionCheck = vI[[i]]):
 there is no package called ‘rprojroot’
Execution halted
Error: package or namespace load failed for ‘here’ in loadNamespace(i, c(lib.loc, .libPaths()), versionCheck = vI[[i]]):
 there is no package called ‘rprojroot’
Execution halted
Error: package or namespace load failed for ‘here’ in loadNamespace(i, c(lib.loc, .libPaths()), versionCheck = vI[[i]]):
 there is no package called ‘rprojroot’
Execution halted
Error: package or namespace load failed for ‘here’ in loadNamespace(i, c(lib.loc, .libPaths()), versionCheck = vI[[i]]):
 there is no package called ‘rprojroot’
Execution halted
Error: package or namespace load failed for ‘here’ in loadNamespace(i, c(lib.loc, .libPaths()), versionCheck = vI[[i]]):
 there is no package called ‘rprojroot’
Execution halted
Error: package or namespace load failed for ‘here’ in loadNamespace(i, c(lib.loc, .libPaths()), versionCheck = vI[[i]]):
 there is no package called ‘rprojroot’
Execution halted
Error: package or namespace load failed for ‘here’ in loadNamespace(i, c(lib.loc, .libPaths()), versionCheck = vI[[i]]):
 there is no package called ‘rprojroot’
Execution halted
Error: package or namespace load failed for ‘here’ in loadNamespace(i, c(lib.loc, .libPaths()), versionCheck = vI[[i]]):
 there is no package called ‘rprojroot’
Execution halted
Error: package or namespace load failed for ‘here’ in loadNamespace(i, c(lib.loc, .libPaths()), versionCheck = vI[[i]]):
 there is no package called ‘rprojroot’
Execution halted
Job ID           : 45748815
Cluster          : spartan
User/Project     : alisterm/punim1751
Nodes            : 1
Wall-clock time  : 00:00:31 / 7-01:00:00

Displaying overall resources usage from 2023-03-23 16:24:42 to 2023-03-23 16:25:13:

NODE            CPU#        TOT%   ( USR   / SYS   / WIO   / IDLE  ) 

spartan-bm092 : 
                CPU# 1    : 83.5   (  78.5 /   5.0 /   0.0 /  16.5 ) 


Allocated CPUs            : 1    
  CPUs with usage <25%    : 0    
  CPUs with usage <50%    : 0    
  CPUs with usage >50%    : 1    

Memory used (RAM)         : 0.0%  [4MB of 12288MB]

--------------------------------------------

