Error in rm(lists = ls()) : ... must contain names or character strings
Execution halted
here() starts at /data/gpfs/projects/punim1751/ParAcT
Error in gzfile(file, "wb") : cannot open the connection
Calls: save -> gzfile
In addition: Warning message:
In gzfile(file, "wb") :
  cannot open compressed file '/data/gpfs/projects/punim1751/ParAcT/data/evansetal/derived/allAIC.Rdata', probable reason 'No such file or directory'
Execution halted
Job ID           : 37307517
Cluster          : spartan
User/Project     : alisterm/punim1751
Nodes            : 1
Wall-clock time  : 00:00:32 / 7-01:00:00

Displaying overall resources usage from 2022-07-10 09:52:56 to 2022-07-10 09:53:28:

NODE            CPU#        TOT%   ( USR   / SYS   / WIO   / IDLE  ) 

spartan-bm086 : 
                CPU# 1    : 31.2   (  28.4 /   2.8 /   0.0 /  68.8 ) 


Allocated CPUs            : 1    
  CPUs with usage <25%    : 0    
  CPUs with usage <50%    : 1    
  CPUs with usage >50%    : 0    

Memory used (RAM)         : 0.2%  [6MB of 4000MB]

--------------------------------------------

